  StoreManagementSystem.cpp
C:\Users\kubat\Desktop\StoreManagementSystem\StoreManagementSystem\StoreManagementSystem.cpp(1200,67): warning C4244: "argument": konwersja z "int" do "float", możliwa utrata danych
C:\Users\kubat\Desktop\StoreManagementSystem\StoreManagementSystem\StoreManagementSystem.cpp(1216,68): warning C4244: "argument": konwersja z "int" do "float", możliwa utrata danych
C:\Users\kubat\Desktop\StoreManagementSystem\StoreManagementSystem\StoreManagementSystem.cpp(1310,63): warning C4244: "argument": konwersja z "int" do "float", możliwa utrata danych
C:\Users\kubat\Desktop\StoreManagementSystem\StoreManagementSystem\StoreManagementSystem.cpp(1639,32): warning C4305: "argument": obcięcie z "double" do "float"
C:\Users\kubat\Desktop\StoreManagementSystem\StoreManagementSystem\StoreManagementSystem.cpp(1710,66): warning C4305: "argument": obcięcie z "double" do "float"
C:\Users\kubat\Desktop\StoreManagementSystem\StoreManagementSystem\StoreManagementSystem.cpp(1711,68): warning C4305: "argument": obcięcie z "double" do "float"
C:\Program Files\Microsoft Visual Studio\2022\Community\VC\Tools\MSVC\14.39.33519\include\xmemory(727,103): warning C4244: "argument": konwersja z "int" do "float", możliwa utrata danych
  (kompilowanie pliku źródłowego „StoreManagementSystem.cpp”)
  C:\Program Files\Microsoft Visual Studio\2022\Community\VC\Tools\MSVC\14.39.33519\include\xmemory(727,103):
  kontekst tworzenia wystąpienia szablonu (najpierw najstarszy) to
  	C:\Users\kubat\Desktop\StoreManagementSystem\StoreManagementSystem\StoreManagementSystem.cpp(840,25):
  	zobacz odwołanie do kompilowanego tworzenia wystąpienia „void std::vector<Employee,std::allocator<Employee>>::emplace_back<std::string&,std::string&,std::string&,std::string&,int&>(std::string &,std::string &,std::string &,std::string &,int &)” funkcji szablon
  	C:\Program Files\Microsoft Visual Studio\2022\Community\VC\Tools\MSVC\14.39.33519\include\vector(862,24):
  	zobacz odwołanie do kompilowanego tworzenia wystąpienia „_Ty &std::vector<_Ty,std::allocator<_Ty>>::_Emplace_one_at_back<std::string&,std::string&,std::string&,std::string&,int&>(std::string &,std::string &,std::string &,std::string &,int &)” funkcji szablon
          with
          [
              _Ty=Employee
          ]
  	C:\Program Files\Microsoft Visual Studio\2022\Community\VC\Tools\MSVC\14.39.33519\include\vector(780,20):
  	zobacz odwołanie do kompilowanego tworzenia wystąpienia „_Ty &std::vector<_Ty,std::allocator<_Ty>>::_Emplace_back_with_unused_capacity<std::string&,std::string&,std::string&,std::string&,int&>(std::string &,std::string &,std::string &,std::string &,int &)” funkcji szablon
          with
          [
              _Ty=Employee
          ]
  	C:\Program Files\Microsoft Visual Studio\2022\Community\VC\Tools\MSVC\14.39.33519\include\vector(798,27):
  	zobacz odwołanie do kompilowanego tworzenia wystąpienia „void std::_Default_allocator_traits<_Alloc>::construct<_Ty,std::string&,std::string&,std::string&,std::string&,int&>(_Alloc &,_Objty *const ,std::string &,std::string &,std::string &,std::string &,int &)” funkcji szablon
          with
          [
              _Alloc=std::allocator<Employee>,
              _Ty=Employee,
              _Objty=Employee
          ]
  
  StoreManagementSystem.vcxproj -> C:\Users\kubat\Desktop\StoreManagementSystem\x64\Debug\StoreManagementSystem.exe
